<?xml version="1.0" encoding="UTF-8"?>
<testsuite name="com.smartpantry.model.MealPlanTest" tests="12" skipped="0" failures="0" errors="0" timestamp="2026-04-01T04:24:27.228Z" hostname="bennys-MacBook-Pro-2024.local" time="0.027">
  <properties/>
  <testcase name="constructor_negativeDays_throwsException()" classname="com.smartpantry.model.MealPlanTest" time="0.012"/>
  <testcase name="toString_containsKeyInfo()" classname="com.smartpantry.model.MealPlanTest" time="0.004"/>
  <testcase name="constructor_nullRecipes_throwsException()" classname="com.smartpantry.model.MealPlanTest" time="0.001"/>
  <testcase name="constructor_nullCreatedDate_throwsException()" classname="com.smartpantry.model.MealPlanTest" time="0.001"/>
  <testcase name="constructor_defensiveCopy_callerCannotMutateRecipes()" classname="com.smartpantry.model.MealPlanTest" time="0.0"/>
  <testcase name="constructor_validInputs_storesAllFields()" classname="com.smartpantry.model.MealPlanTest" time="0.001"/>
  <testcase name="getRecipes_returnsCopy_cannotMutateInternal()" classname="com.smartpantry.model.MealPlanTest" time="0.001"/>
  <testcase name="constructor_blankStrategyName_throwsException()" classname="com.smartpantry.model.MealPlanTest" time="0.001"/>
  <testcase name="constructor_emptyRecipes_throwsException()" classname="com.smartpantry.model.MealPlanTest" time="0.001"/>
  <testcase name="constructor_nullStrategyName_throwsException()" classname="com.smartpantry.model.MealPlanTest" time="0.0"/>
  <testcase name="constructor_zeroDays_throwsException()" classname="com.smartpantry.model.MealPlanTest" time="0.0"/>
  <testcase name="getRecipes_returnsAllRecipesInOrder()" classname="com.smartpantry.model.MealPlanTest" time="0.001"/>
  <system-out><![CDATA[]]></system-out>
  <system-err><![CDATA[]]></system-err>
</testsuite>
