<?xml version="1.0" encoding="UTF-8"?>
<testsuite name="com.smartpantry.model.IngredientTest" tests="17" skipped="0" failures="0" errors="0" timestamp="2026-03-31T04:23:28.667Z" hostname="bennys-MacBook-Pro-2024.local" time="0.024">
  <properties/>
  <testcase name="equals_differentCategory_notEqual()" classname="com.smartpantry.model.IngredientTest" time="0.007"/>
  <testcase name="constructor_negativeQuantity_throwsException()" classname="com.smartpantry.model.IngredientTest" time="0.002"/>
  <testcase name="constructor_validInputs_storesAllFields()" classname="com.smartpantry.model.IngredientTest" time="0.0"/>
  <testcase name="equals_sameFields_isEqual()" classname="com.smartpantry.model.IngredientTest" time="0.0"/>
  <testcase name="hashCode_equalObjects_sameHash()" classname="com.smartpantry.model.IngredientTest" time="0.001"/>
  <testcase name="constructor_zeroQuantity_isAllowed()" classname="com.smartpantry.model.IngredientTest" time="0.0"/>
  <testcase name="constructor_nullCategoryType_throwsException()" classname="com.smartpantry.model.IngredientTest" time="0.0"/>
  <testcase name="equals_differentUnit_notEqual()" classname="com.smartpantry.model.IngredientTest" time="0.0"/>
  <testcase name="constructor_blankName_throwsException()" classname="com.smartpantry.model.IngredientTest" time="0.0"/>
  <testcase name="equals_differentName_notEqual()" classname="com.smartpantry.model.IngredientTest" time="0.0"/>
  <testcase name="constructor_nullUnitType_throwsException()" classname="com.smartpantry.model.IngredientTest" time="0.001"/>
  <testcase name="equals_null_notEqual()" classname="com.smartpantry.model.IngredientTest" time="0.0"/>
  <testcase name="equals_differentType_notEqual()" classname="com.smartpantry.model.IngredientTest" time="0.001"/>
  <testcase name="toString_containsAllFields()" classname="com.smartpantry.model.IngredientTest" time="0.004"/>
  <testcase name="constructor_nullName_throwsException()" classname="com.smartpantry.model.IngredientTest" time="0.0"/>
  <testcase name="equals_sameReference_isEqual()" classname="com.smartpantry.model.IngredientTest" time="0.0"/>
  <testcase name="equals_differentQuantity_stillEqual()" classname="com.smartpantry.model.IngredientTest" time="0.001"/>
  <system-out><![CDATA[]]></system-out>
  <system-err><![CDATA[]]></system-err>
</testsuite>
