<?xml version="1.0" encoding="UTF-8"?>
<testsuite name="com.smartpantry.strategy.ZeroWasteStrategyTest" tests="8" skipped="0" failures="0" errors="0" timestamp="2026-04-03T23:28:22.250Z" hostname="bennys-MacBook-Pro-2024.local" time="0.02">
  <properties/>
  <testcase name="generatePlan_strategyNameIsZeroWaste()" classname="com.smartpantry.strategy.ZeroWasteStrategyTest" time="0.01"/>
  <testcase name="generatePlan_ignoresItemsOutsideExpirationWindow()" classname="com.smartpantry.strategy.ZeroWasteStrategyTest" time="0.001"/>
  <testcase name="constructor_negativeWindow_throwsException()" classname="com.smartpantry.strategy.ZeroWasteStrategyTest" time="0.003"/>
  <testcase name="generatePlan_picksRecipesUsingMostExpiringIngredients()" classname="com.smartpantry.strategy.ZeroWasteStrategyTest" time="0.0"/>
  <testcase name="generatePlan_noExpiringItems_fallsBackToCookable()" classname="com.smartpantry.strategy.ZeroWasteStrategyTest" time="0.001"/>
  <testcase name="generatePlan_skipsRecipesWithInsufficientStock()" classname="com.smartpantry.strategy.ZeroWasteStrategyTest" time="0.001"/>
  <testcase name="generatePlan_respectsMaxRecipes()" classname="com.smartpantry.strategy.ZeroWasteStrategyTest" time="0.0"/>
  <testcase name="constructor_zeroMaxRecipes_throwsException()" classname="com.smartpantry.strategy.ZeroWasteStrategyTest" time="0.0"/>
  <system-out><![CDATA[]]></system-out>
  <system-err><![CDATA[]]></system-err>
</testsuite>
