<?xml version="1.0" encoding="UTF-8"?>
<testsuite name="com.smartpantry.model.PantryItemTest" tests="20" skipped="0" failures="0" errors="0" timestamp="2026-03-31T20:40:19.088Z" hostname="bennys-MacBook-Pro-2024.local" time="0.034">
  <properties/>
  <testcase name="isLowStock_atThreshold_returnsTrue()" classname="com.smartpantry.model.PantryItemTest" time="0.007"/>
  <testcase name="isExpiredBy_onExpirationDate_returnsTrue()" classname="com.smartpantry.model.PantryItemTest" time="0.001"/>
  <testcase name="toString_containsKeyInfo()" classname="com.smartpantry.model.PantryItemTest" time="0.004"/>
  <testcase name="isLowStock_belowThreshold_returnsTrue()" classname="com.smartpantry.model.PantryItemTest" time="0.0"/>
  <testcase name="constructor_negativeQuantity_throwsException()" classname="com.smartpantry.model.PantryItemTest" time="0.006"/>
  <testcase name="isExpiredBy_beforeExpirationDate_returnsFalse()" classname="com.smartpantry.model.PantryItemTest" time="0.001"/>
  <testcase name="constructor_validInputs_storesAllFields()" classname="com.smartpantry.model.PantryItemTest" time="0.001"/>
  <testcase name="constructor_negativeThreshold_throwsException()" classname="com.smartpantry.model.PantryItemTest" time="0.002"/>
  <testcase name="consume_reducesQuantity()" classname="com.smartpantry.model.PantryItemTest" time="0.001"/>
  <testcase name="restock_negativeAmount_throwsException()" classname="com.smartpantry.model.PantryItemTest" time="0.0"/>
  <testcase name="isExpiredBy_afterExpirationDate_returnsTrue()" classname="com.smartpantry.model.PantryItemTest" time="0.0"/>
  <testcase name="constructor_nullBoughtDate_throwsException()" classname="com.smartpantry.model.PantryItemTest" time="0.001"/>
  <testcase name="consume_moreThanAvailable_floorsAtZero()" classname="com.smartpantry.model.PantryItemTest" time="0.0"/>
  <testcase name="isExpiredBy_nullExpiration_returnsFalse()" classname="com.smartpantry.model.PantryItemTest" time="0.0"/>
  <testcase name="isExpiringSoon_nullExpiration_returnsFalse()" classname="com.smartpantry.model.PantryItemTest" time="0.001"/>
  <testcase name="constructor_nullIngredient_throwsException()" classname="com.smartpantry.model.PantryItemTest" time="0.001"/>
  <testcase name="isLowStock_aboveThreshold_returnsFalse()" classname="com.smartpantry.model.PantryItemTest" time="0.001"/>
  <testcase name="consume_negativeAmount_throwsException()" classname="com.smartpantry.model.PantryItemTest" time="0.0"/>
  <testcase name="restock_increasesQuantity()" classname="com.smartpantry.model.PantryItemTest" time="0.0"/>
  <testcase name="constructor_nullExpirationDate_isAllowed()" classname="com.smartpantry.model.PantryItemTest" time="0.0"/>
  <system-out><![CDATA[]]></system-out>
  <system-err><![CDATA[]]></system-err>
</testsuite>
