<?xml version="1.0" encoding="UTF-8"?>
<testsuite name="com.smartpantry.strategy.StrictInventoryStrategyTest" tests="8" skipped="0" failures="0" errors="0" timestamp="2026-04-03T23:46:48.107Z" hostname="bennys-MacBook-Pro-2024.local" time="0.019">
  <properties/>
  <testcase name="constructor_negativeMaxRecipes_throwsException()" classname="com.smartpantry.strategy.StrictInventoryStrategyTest" time="0.011"/>
  <testcase name="generatePlan_strategyNameIsStrictInventory()" classname="com.smartpantry.strategy.StrictInventoryStrategyTest" time="0.001"/>
  <testcase name="generatePlan_rejectsRecipeWhenQuantityInsufficient()" classname="com.smartpantry.strategy.StrictInventoryStrategyTest" time="0.001"/>
  <testcase name="generatePlan_respectsMaxRecipes()" classname="com.smartpantry.strategy.StrictInventoryStrategyTest" time="0.001"/>
  <testcase name="generatePlan_nothingCookable_fallsBackToFirstRecipe()" classname="com.smartpantry.strategy.StrictInventoryStrategyTest" time="0.001"/>
  <testcase name="generatePlan_onlyIncludesFullyCookableRecipes()" classname="com.smartpantry.strategy.StrictInventoryStrategyTest" time="0.001"/>
  <testcase name="generatePlan_preservesRecipeOrder()" classname="com.smartpantry.strategy.StrictInventoryStrategyTest" time="0.0"/>
  <testcase name="constructor_zeroMaxRecipes_throwsException()" classname="com.smartpantry.strategy.StrictInventoryStrategyTest" time="0.0"/>
  <system-out><![CDATA[]]></system-out>
  <system-err><![CDATA[]]></system-err>
</testsuite>
