<?xml version="1.0" encoding="UTF-8"?>
<testsuite name="com.smartpantry.strategy.StrictInventoryStrategyTest" tests="8" skipped="0" failures="0" errors="0" timestamp="2026-04-04T18:34:58.689Z" hostname="LAPTOP-SCIRB4H8" time="0.032">
  <properties/>
  <testcase name="constructor_negativeMaxRecipes_throwsException()" classname="com.smartpantry.strategy.StrictInventoryStrategyTest" time="0.019"/>
  <testcase name="generatePlan_strategyNameIsStrictInventory()" classname="com.smartpantry.strategy.StrictInventoryStrategyTest" time="0.002"/>
  <testcase name="generatePlan_rejectsRecipeWhenQuantityInsufficient()" classname="com.smartpantry.strategy.StrictInventoryStrategyTest" time="0.001"/>
  <testcase name="generatePlan_respectsMaxRecipes()" classname="com.smartpantry.strategy.StrictInventoryStrategyTest" time="0.001"/>
  <testcase name="generatePlan_nothingCookable_fallsBackToFirstRecipe()" classname="com.smartpantry.strategy.StrictInventoryStrategyTest" time="0.001"/>
  <testcase name="generatePlan_onlyIncludesFullyCookableRecipes()" classname="com.smartpantry.strategy.StrictInventoryStrategyTest" time="0.001"/>
  <testcase name="generatePlan_preservesRecipeOrder()" classname="com.smartpantry.strategy.StrictInventoryStrategyTest" time="0.001"/>
  <testcase name="constructor_zeroMaxRecipes_throwsException()" classname="com.smartpantry.strategy.StrictInventoryStrategyTest" time="0.001"/>
  <system-out><![CDATA[]]></system-out>
  <system-err><![CDATA[]]></system-err>
</testsuite>
